{"/home/lenovo/Documents/PERSONAL/file-api-service/src/app.ts": {"path":"/home/lenovo/Documents/PERSONAL/file-api-service/src/app.ts","statementMap":{"0":{"start":{"line":1,"column":0},"end":{"line":1,"column":30}},"1":{"start":{"line":2,"column":0},"end":{"line":2,"column":37}},"2":{"start":{"line":3,"column":0},"end":{"line":3,"column":37}},"3":{"start":{"line":6,"column":15},"end":{"line":6,"column":37}},"4":{"start":{"line":8,"column":12},"end":{"line":8,"column":21}},"5":{"start":{"line":10,"column":0},"end":{"line":10,"column":16}},"6":{"start":{"line":12,"column":0},"end":{"line":14,"column":3}},"7":{"start":{"line":13,"column":2},"end":{"line":13,"column":73}}},"fnMap":{"0":{"name":"(anonymous_1)","decl":{"start":{"line":12,"column":24},"end":{"line":12,"column":null}},"loc":{"start":{"line":12,"column":24},"end":{"line":14,"column":1}}}},"branchMap":{},"s":{"0":0,"1":0,"2":0,"3":0,"4":0,"5":0,"6":0,"7":0},"f":{"0":0},"b":{}}
,"/home/lenovo/Documents/PERSONAL/file-api-service/src/config/config.ts": {"path":"/home/lenovo/Documents/PERSONAL/file-api-service/src/config/config.ts","statementMap":{"0":{"start":{"line":1,"column":0},"end":{"line":1,"column":27}},"1":{"start":{"line":2,"column":0},"end":{"line":2,"column":41}},"2":{"start":{"line":3,"column":0},"end":{"line":3,"column":43}},"3":{"start":{"line":4,"column":0},"end":{"line":4,"column":41}},"4":{"start":{"line":6,"column":11},"end":{"line":6,"column":22}},"5":{"start":{"line":8,"column":0},"end":{"line":8,"column":41}},"6":{"start":{"line":10,"column":0},"end":{"line":10,"column":48}},"7":{"start":{"line":12,"column":15},"end":{"line":19,"column":2}},"8":{"start":{"line":21,"column":13},"end":{"line":28,"column":2}},"9":{"start":{"line":29,"column":0},"end":{"line":29,"column":22}}},"fnMap":{},"branchMap":{},"s":{"0":1,"1":1,"2":1,"3":1,"4":1,"5":1,"6":1,"7":1,"8":1,"9":1},"f":{},"b":{}}
,"/home/lenovo/Documents/PERSONAL/file-api-service/src/controllers/streamController.ts": {"path":"/home/lenovo/Documents/PERSONAL/file-api-service/src/controllers/streamController.ts","statementMap":{"0":{"start":{"line":2,"column":0},"end":{"line":2,"column":26}},"1":{"start":{"line":3,"column":0},"end":{"line":3,"column":24}},"2":{"start":{"line":4,"column":0},"end":{"line":4,"column":20}},"3":{"start":{"line":6,"column":0},"end":{"line":6,"column":45}},"4":{"start":{"line":13,"column":0},"end":{"line":13,"column":null}},"5":{"start":{"line":28,"column":16},"end":{"line":39,"column":null}},"6":{"start":{"line":30,"column":16},"end":{"line":30,"column":30}},"7":{"start":{"line":32,"column":28},"end":{"line":32,"column":77}},"8":{"start":{"line":34,"column":20},"end":{"line":34,"column":48}},"9":{"start":{"line":36,"column":4},"end":{"line":36,"column":85}},"10":{"start":{"line":36,"column":39},"end":{"line":36,"column":85}},"11":{"start":{"line":38,"column":4},"end":{"line":38,"column":70}},"12":{"start":{"line":55,"column":16},"end":{"line":115,"column":null}},"13":{"start":{"line":55,"column":60},"end":{"line":115,"column":null}},"14":{"start":{"line":56,"column":10},"end":{"line":56,"column":31}},"15":{"start":{"line":58,"column":10},"end":{"line":58,"column":78}},"16":{"start":{"line":60,"column":10},"end":{"line":60,"column":49}},"17":{"start":{"line":62,"column":10},"end":{"line":62,"column":57}},"18":{"start":{"line":64,"column":8},"end":{"line":64,"column":28}},"19":{"start":{"line":66,"column":10},"end":{"line":66,"column":26}},"20":{"start":{"line":68,"column":4},"end":{"line":68,"column":85}},"21":{"start":{"line":68,"column":39},"end":{"line":68,"column":85}},"22":{"start":{"line":70,"column":8},"end":{"line":70,"column":26}},"23":{"start":{"line":71,"column":8},"end":{"line":71,"column":23}},"24":{"start":{"line":73,"column":4},"end":{"line":76,"column":null}},"25":{"start":{"line":74,"column":6},"end":{"line":74,"column":32}},"26":{"start":{"line":75,"column":6},"end":{"line":75,"column":36}},"27":{"start":{"line":78,"column":4},"end":{"line":81,"column":null}},"28":{"start":{"line":79,"column":6},"end":{"line":79,"column":33}},"29":{"start":{"line":80,"column":6},"end":{"line":80,"column":36}},"30":{"start":{"line":83,"column":4},"end":{"line":86,"column":null}},"31":{"start":{"line":84,"column":6},"end":{"line":84,"column":28}},"32":{"start":{"line":85,"column":6},"end":{"line":85,"column":36}},"33":{"start":{"line":88,"column":4},"end":{"line":88,"column":47}},"34":{"start":{"line":88,"column":26},"end":{"line":88,"column":47}},"35":{"start":{"line":90,"column":8},"end":{"line":90,"column":9}},"36":{"start":{"line":92,"column":16},"end":{"line":92,"column":86}},"37":{"start":{"line":92,"column":6},"end":{"line":92,"column":86}},"38":{"start":{"line":94,"column":10},"end":{"line":94,"column":25}},"39":{"start":{"line":96,"column":6},"end":{"line":96,"column":67}},"40":{"start":{"line":96,"column":25},"end":{"line":96,"column":67}},"41":{"start":{"line":98,"column":6},"end":{"line":98,"column":69}},"42":{"start":{"line":98,"column":26},"end":{"line":98,"column":69}},"43":{"start":{"line":100,"column":6},"end":{"line":100,"column":63}},"44":{"start":{"line":100,"column":23},"end":{"line":100,"column":63}},"45":{"start":{"line":102,"column":10},"end":{"line":102,"column":11}},"46":{"start":{"line":104,"column":8},"end":{"line":104,"column":63}},"47":{"start":{"line":104,"column":39},"end":{"line":104,"column":63}},"48":{"start":{"line":105,"column":8},"end":{"line":108,"column":38}},"49":{"start":{"line":111,"column":6},"end":{"line":111,"column":26}},"50":{"start":{"line":114,"column":4},"end":{"line":114,"column":77}},"51":{"start":{"line":133,"column":16},"end":{"line":143,"column":null}},"52":{"start":{"line":134,"column":16},"end":{"line":134,"column":30}},"53":{"start":{"line":136,"column":28},"end":{"line":136,"column":77}},"54":{"start":{"line":138,"column":20},"end":{"line":138,"column":46}},"55":{"start":{"line":140,"column":4},"end":{"line":140,"column":85}},"56":{"start":{"line":140,"column":39},"end":{"line":140,"column":85}},"57":{"start":{"line":142,"column":4},"end":{"line":142,"column":70}},"58":{"start":{"line":161,"column":16},"end":{"line":171,"column":null}},"59":{"start":{"line":162,"column":18},"end":{"line":162,"column":34}},"60":{"start":{"line":164,"column":28},"end":{"line":164,"column":79}},"61":{"start":{"line":166,"column":20},"end":{"line":166,"column":42}},"62":{"start":{"line":168,"column":4},"end":{"line":168,"column":87}},"63":{"start":{"line":168,"column":41},"end":{"line":168,"column":87}},"64":{"start":{"line":170,"column":4},"end":{"line":170,"column":72}},"65":{"start":{"line":174,"column":0},"end":{"line":174,"column":null}},"66":{"start":{"line":176,"column":9},"end":{"line":176,"column":25}}},"fnMap":{"0":{"name":"(anonymous_14)","decl":{"start":{"line":13,"column":0},"end":{"line":13,"column":null}},"loc":{"start":{"line":13,"column":0},"end":{"line":13,"column":null}}},"1":{"name":"(anonymous_16)","decl":{"start":{"line":28,"column":25},"end":{"line":28,"column":26}},"loc":{"start":{"line":28,"column":54},"end":{"line":39,"column":3}}},"2":{"name":"(anonymous_17)","decl":{"start":{"line":55,"column":25},"end":{"line":55,"column":32}},"loc":{"start":{"line":55,"column":60},"end":{"line":115,"column":null}}},"3":{"name":"(anonymous_18)","decl":{"start":{"line":55,"column":60},"end":{"line":55,"column":null}},"loc":{"start":{"line":55,"column":60},"end":{"line":115,"column":null}}},"4":{"name":"(anonymous_20)","decl":{"start":{"line":133,"column":28},"end":{"line":133,"column":29}},"loc":{"start":{"line":133,"column":77},"end":{"line":143,"column":3}}},"5":{"name":"(anonymous_21)","decl":{"start":{"line":161,"column":28},"end":{"line":161,"column":29}},"loc":{"start":{"line":161,"column":77},"end":{"line":171,"column":3}}}},"branchMap":{"0":{"loc":{"start":{"line":36,"column":4},"end":{"line":36,"column":85}},"type":"if","locations":[{"start":{"line":36,"column":4},"end":{"line":36,"column":85}},{"start":{"line":36,"column":4},"end":{"line":36,"column":85}}]},"1":{"loc":{"start":{"line":114,"column":4},"end":{"line":114,"column":77}},"type":"switch","locations":[{"start":{"line":114,"column":4},"end":{"line":114,"column":77}}]},"2":{"loc":{"start":{"line":68,"column":4},"end":{"line":68,"column":85}},"type":"if","locations":[{"start":{"line":68,"column":4},"end":{"line":68,"column":85}},{"start":{"line":68,"column":4},"end":{"line":68,"column":85}}]},"3":{"loc":{"start":{"line":73,"column":4},"end":{"line":76,"column":null}},"type":"if","locations":[{"start":{"line":73,"column":4},"end":{"line":76,"column":null}},{"start":{"line":73,"column":4},"end":{"line":76,"column":null}}]},"4":{"loc":{"start":{"line":73,"column":8},"end":{"line":73,"column":9}},"type":"binary-expr","locations":[{"start":{"line":73,"column":8},"end":{"line":73,"column":9}},{"start":{"line":73,"column":13},"end":{"line":73,"column":22}}]},"5":{"loc":{"start":{"line":78,"column":4},"end":{"line":81,"column":null}},"type":"if","locations":[{"start":{"line":78,"column":4},"end":{"line":81,"column":null}},{"start":{"line":78,"column":4},"end":{"line":81,"column":null}}]},"6":{"loc":{"start":{"line":78,"column":8},"end":{"line":78,"column":9}},"type":"binary-expr","locations":[{"start":{"line":78,"column":8},"end":{"line":78,"column":9}},{"start":{"line":78,"column":13},"end":{"line":78,"column":22}}]},"7":{"loc":{"start":{"line":83,"column":4},"end":{"line":86,"column":null}},"type":"if","locations":[{"start":{"line":83,"column":4},"end":{"line":86,"column":null}},{"start":{"line":83,"column":4},"end":{"line":86,"column":null}}]},"8":{"loc":{"start":{"line":83,"column":8},"end":{"line":83,"column":11}},"type":"binary-expr","locations":[{"start":{"line":83,"column":8},"end":{"line":83,"column":11}},{"start":{"line":83,"column":15},"end":{"line":83,"column":29}}]},"9":{"loc":{"start":{"line":88,"column":4},"end":{"line":88,"column":47}},"type":"if","locations":[{"start":{"line":88,"column":4},"end":{"line":88,"column":47}},{"start":{"line":88,"column":4},"end":{"line":88,"column":47}}]},"10":{"loc":{"start":{"line":90,"column":8},"end":{"line":90,"column":9}},"type":"if","locations":[{"start":{"line":90,"column":8},"end":{"line":90,"column":9}},{"start":{"line":90,"column":8},"end":{"line":90,"column":9}}]},"11":{"loc":{"start":{"line":96,"column":6},"end":{"line":96,"column":67}},"type":"if","locations":[{"start":{"line":96,"column":6},"end":{"line":96,"column":67}},{"start":{"line":96,"column":6},"end":{"line":96,"column":67}}]},"12":{"loc":{"start":{"line":98,"column":6},"end":{"line":98,"column":69}},"type":"if","locations":[{"start":{"line":98,"column":6},"end":{"line":98,"column":69}},{"start":{"line":98,"column":6},"end":{"line":98,"column":69}}]},"13":{"loc":{"start":{"line":100,"column":6},"end":{"line":100,"column":63}},"type":"if","locations":[{"start":{"line":100,"column":6},"end":{"line":100,"column":63}},{"start":{"line":100,"column":6},"end":{"line":100,"column":63}}]},"14":{"loc":{"start":{"line":102,"column":10},"end":{"line":102,"column":11}},"type":"if","locations":[{"start":{"line":102,"column":10},"end":{"line":102,"column":11}},{"start":{"line":102,"column":10},"end":{"line":102,"column":11}}]},"15":{"loc":{"start":{"line":104,"column":8},"end":{"line":104,"column":63}},"type":"if","locations":[{"start":{"line":104,"column":8},"end":{"line":104,"column":63}},{"start":{"line":104,"column":8},"end":{"line":104,"column":63}}]},"16":{"loc":{"start":{"line":140,"column":4},"end":{"line":140,"column":85}},"type":"if","locations":[{"start":{"line":140,"column":4},"end":{"line":140,"column":85}},{"start":{"line":140,"column":4},"end":{"line":140,"column":85}}]},"17":{"loc":{"start":{"line":168,"column":4},"end":{"line":168,"column":87}},"type":"if","locations":[{"start":{"line":168,"column":4},"end":{"line":168,"column":87}},{"start":{"line":168,"column":4},"end":{"line":168,"column":87}}]}},"s":{"0":0,"1":0,"2":0,"3":0,"4":0,"5":0,"6":0,"7":0,"8":0,"9":0,"10":0,"11":0,"12":0,"13":0,"14":0,"15":0,"16":0,"17":0,"18":0,"19":0,"20":0,"21":0,"22":0,"23":0,"24":0,"25":0,"26":0,"27":0,"28":0,"29":0,"30":0,"31":0,"32":0,"33":0,"34":0,"35":0,"36":0,"37":0,"38":0,"39":0,"40":0,"41":0,"42":0,"43":0,"44":0,"45":0,"46":0,"47":0,"48":0,"49":0,"50":0,"51":0,"52":0,"53":0,"54":0,"55":0,"56":0,"57":0,"58":0,"59":0,"60":0,"61":0,"62":0,"63":0,"64":0,"65":0,"66":0},"f":{"0":0,"1":0,"2":0,"3":0,"4":0,"5":0},"b":{"0":[0,0],"1":[0],"2":[0,0],"3":[0,0],"4":[0,0],"5":[0,0],"6":[0,0],"7":[0,0],"8":[0,0],"9":[0,0],"10":[0,0],"11":[0,0],"12":[0,0],"13":[0,0],"14":[0,0],"15":[0,0],"16":[0,0],"17":[0,0]}}
,"/home/lenovo/Documents/PERSONAL/file-api-service/src/middlewares/file.upload.ts": {"path":"/home/lenovo/Documents/PERSONAL/file-api-service/src/middlewares/file.upload.ts","statementMap":{"0":{"start":{"line":1,"column":0},"end":{"line":1,"column":28}},"1":{"start":{"line":5,"column":19},"end":{"line":12,"column":2}},"2":{"start":{"line":7,"column":4},"end":{"line":7,"column":31}},"3":{"start":{"line":10,"column":4},"end":{"line":10,"column":86}},"4":{"start":{"line":14,"column":18},"end":{"line":17,"column":1}},"5":{"start":{"line":15,"column":15},"end":{"line":15,"column":83}},"6":{"start":{"line":16,"column":2},"end":{"line":16,"column":17}},"7":{"start":{"line":19,"column":19},"end":{"line":26,"column":2}},"8":{"start":{"line":21,"column":4},"end":{"line":21,"column":31}},"9":{"start":{"line":24,"column":4},"end":{"line":24,"column":83}},"10":{"start":{"line":28,"column":18},"end":{"line":32,"column":1}},"11":{"start":{"line":29,"column":15},"end":{"line":30,"column":66}},"12":{"start":{"line":31,"column":2},"end":{"line":31,"column":17}},"13":{"start":{"line":34,"column":19},"end":{"line":41,"column":2}},"14":{"start":{"line":36,"column":4},"end":{"line":36,"column":30}},"15":{"start":{"line":39,"column":4},"end":{"line":39,"column":86}},"16":{"start":{"line":43,"column":13},"end":{"line":43,"column":80}},"17":{"start":{"line":45,"column":13},"end":{"line":45,"column":80}},"18":{"start":{"line":47,"column":13},"end":{"line":47,"column":57}}},"fnMap":{"0":{"name":"(anonymous_1)","decl":{"start":{"line":6,"column":15},"end":{"line":6,"column":16}},"loc":{"start":{"line":6,"column":64},"end":{"line":8,"column":3}}},"1":{"name":"(anonymous_2)","decl":{"start":{"line":9,"column":12},"end":{"line":9,"column":13}},"loc":{"start":{"line":9,"column":61},"end":{"line":11,"column":3}}},"2":{"name":"(anonymous_3)","decl":{"start":{"line":14,"column":18},"end":{"line":14,"column":19}},"loc":{"start":{"line":14,"column":67},"end":{"line":17,"column":1}}},"3":{"name":"(anonymous_4)","decl":{"start":{"line":20,"column":15},"end":{"line":20,"column":16}},"loc":{"start":{"line":20,"column":64},"end":{"line":22,"column":3}}},"4":{"name":"(anonymous_5)","decl":{"start":{"line":23,"column":12},"end":{"line":23,"column":13}},"loc":{"start":{"line":23,"column":61},"end":{"line":25,"column":3}}},"5":{"name":"(anonymous_6)","decl":{"start":{"line":28,"column":18},"end":{"line":28,"column":19}},"loc":{"start":{"line":28,"column":67},"end":{"line":32,"column":1}}},"6":{"name":"(anonymous_7)","decl":{"start":{"line":35,"column":15},"end":{"line":35,"column":16}},"loc":{"start":{"line":35,"column":64},"end":{"line":37,"column":3}}},"7":{"name":"(anonymous_8)","decl":{"start":{"line":38,"column":12},"end":{"line":38,"column":13}},"loc":{"start":{"line":38,"column":61},"end":{"line":40,"column":3}}}},"branchMap":{},"s":{"0":0,"1":0,"2":0,"3":0,"4":0,"5":0,"6":0,"7":0,"8":0,"9":0,"10":0,"11":0,"12":0,"13":0,"14":0,"15":0,"16":0,"17":0,"18":0},"f":{"0":0,"1":0,"2":0,"3":0,"4":0,"5":0,"6":0,"7":0},"b":{}}
,"/home/lenovo/Documents/PERSONAL/file-api-service/src/middlewares/files.meta.ts": {"path":"/home/lenovo/Documents/PERSONAL/file-api-service/src/middlewares/files.meta.ts","statementMap":{"0":{"start":{"line":1,"column":0},"end":{"line":1,"column":41}},"1":{"start":{"line":2,"column":0},"end":{"line":2,"column":43}},"2":{"start":{"line":3,"column":0},"end":{"line":3,"column":41}},"3":{"start":{"line":7,"column":18},"end":{"line":7,"column":53}},"4":{"start":{"line":7,"column":49},"end":{"line":15,"column":3}},"5":{"start":{"line":8,"column":2},"end":{"line":14,"column":7}},"6":{"start":{"line":11,"column":6},"end":{"line":11,"column":38}},"7":{"start":{"line":13,"column":6},"end":{"line":13,"column":39}},"8":{"start":{"line":17,"column":20},"end":{"line":17,"column":55}},"9":{"start":{"line":17,"column":51},"end":{"line":30,"column":3}},"10":{"start":{"line":18,"column":2},"end":{"line":29,"column":5}},"11":{"start":{"line":19,"column":4},"end":{"line":28,"column":null}},"12":{"start":{"line":20,"column":16},"end":{"line":23,"column":null}},"13":{"start":{"line":25,"column":6},"end":{"line":25,"column":20}},"14":{"start":{"line":27,"column":6},"end":{"line":27,"column":18}},"15":{"start":{"line":32,"column":13},"end":{"line":41,"column":2}},"16":{"start":{"line":32,"column":31},"end":{"line":32,"column":50}},"17":{"start":{"line":32,"column":50},"end":{"line":41,"column":2}},"18":{"start":{"line":32,"column":105},"end":{"line":41,"column":2}},"19":{"start":{"line":33,"column":10},"end":{"line":33,"column":19}},"20":{"start":{"line":34,"column":2},"end":{"line":34,"column":43}},"21":{"start":{"line":35,"column":2},"end":{"line":35,"column":50}},"22":{"start":{"line":36,"column":20},"end":{"line":36,"column":null}},"23":{"start":{"line":36,"column":8},"end":{"line":36,"column":null}},"24":{"start":{"line":37,"column":6},"end":{"line":37,"column":10}},"25":{"start":{"line":37,"column":24},"end":{"line":37,"column":29}},"26":{"start":{"line":37,"column":41},"end":{"line":37,"column":63}},"27":{"start":{"line":37,"column":24},"end":{"line":37,"column":63}},"28":{"start":{"line":39,"column":2},"end":{"line":39,"column":19}},"29":{"start":{"line":40,"column":2},"end":{"line":40,"column":16}},"30":{"start":{"line":43,"column":13},"end":{"line":51,"column":2}},"31":{"start":{"line":43,"column":85},"end":{"line":51,"column":2}},"32":{"start":{"line":44,"column":2},"end":{"line":44,"column":43}},"33":{"start":{"line":45,"column":2},"end":{"line":45,"column":50}},"34":{"start":{"line":47,"column":30},"end":{"line":47,"column":null}},"35":{"start":{"line":47,"column":21},"end":{"line":47,"column":null}},"36":{"start":{"line":47,"column":13},"end":{"line":47,"column":21}},"37":{"start":{"line":48,"column":4},"end":{"line":48,"column":9}},"38":{"start":{"line":48,"column":16},"end":{"line":48,"column":40}},"39":{"start":{"line":48,"column":4},"end":{"line":48,"column":40}},"40":{"start":{"line":50,"column":2},"end":{"line":50,"column":16}},"41":{"start":{"line":53,"column":13},"end":{"line":62,"column":2}},"42":{"start":{"line":53,"column":29},"end":{"line":53,"column":48}},"43":{"start":{"line":53,"column":48},"end":{"line":62,"column":2}},"44":{"start":{"line":53,"column":103},"end":{"line":62,"column":2}},"45":{"start":{"line":54,"column":10},"end":{"line":54,"column":20}},"46":{"start":{"line":55,"column":2},"end":{"line":55,"column":43}},"47":{"start":{"line":56,"column":2},"end":{"line":56,"column":50}},"48":{"start":{"line":57,"column":26},"end":{"line":57,"column":null}},"49":{"start":{"line":57,"column":21},"end":{"line":57,"column":null}},"50":{"start":{"line":57,"column":13},"end":{"line":57,"column":21}},"51":{"start":{"line":58,"column":4},"end":{"line":58,"column":9}},"52":{"start":{"line":58,"column":16},"end":{"line":58,"column":40}},"53":{"start":{"line":58,"column":4},"end":{"line":58,"column":40}},"54":{"start":{"line":59,"column":8},"end":{"line":59,"column":12}},"55":{"start":{"line":59,"column":26},"end":{"line":59,"column":31}},"56":{"start":{"line":59,"column":38},"end":{"line":59,"column":60}},"57":{"start":{"line":59,"column":26},"end":{"line":59,"column":60}},"58":{"start":{"line":61,"column":2},"end":{"line":61,"column":16}}},"fnMap":{"0":{"name":"(anonymous_16)","decl":{"start":{"line":7,"column":18},"end":{"line":7,"column":19}},"loc":{"start":{"line":7,"column":44},"end":{"line":7,"column":53}}},"1":{"name":"(anonymous_17)","decl":{"start":{"line":7,"column":61},"end":{"line":7,"column":62}},"loc":{"start":{"line":7,"column":69},"end":{"line":15,"column":1}}},"2":{"name":"(anonymous_18)","decl":{"start":{"line":10,"column":77},"end":{"line":10,"column":null}},"loc":{"start":{"line":10,"column":77},"end":{"line":12,"column":5}}},"3":{"name":"(anonymous_19)","decl":{"start":{"line":12,"column":19},"end":{"line":12,"column":null}},"loc":{"start":{"line":12,"column":19},"end":{"line":14,"column":5}}},"4":{"name":"(anonymous_20)","decl":{"start":{"line":17,"column":20},"end":{"line":17,"column":21}},"loc":{"start":{"line":17,"column":46},"end":{"line":17,"column":55}}},"5":{"name":"(anonymous_21)","decl":{"start":{"line":17,"column":63},"end":{"line":17,"column":64}},"loc":{"start":{"line":17,"column":71},"end":{"line":30,"column":1}}},"6":{"name":"(anonymous_22)","decl":{"start":{"line":18,"column":34},"end":{"line":18,"column":35}},"loc":{"start":{"line":18,"column":58},"end":{"line":29,"column":3}}},"7":{"name":"(anonymous_23)","decl":{"start":{"line":32,"column":30},"end":{"line":32,"column":31}},"loc":{"start":{"line":32,"column":45},"end":{"line":32,"column":57}}},"8":{"name":"(anonymous_24)","decl":{"start":{"line":32,"column":50},"end":{"line":32,"column":57}},"loc":{"start":{"line":32,"column":105},"end":{"line":41,"column":2}}},"9":{"name":"(anonymous_25)","decl":{"start":{"line":32,"column":105},"end":{"line":32,"column":null}},"loc":{"start":{"line":32,"column":105},"end":{"line":41,"column":2}}},"10":{"name":"(anonymous_27)","decl":{"start":{"line":43,"column":30},"end":{"line":43,"column":37}},"loc":{"start":{"line":43,"column":85},"end":{"line":51,"column":2}}},"11":{"name":"(anonymous_28)","decl":{"start":{"line":43,"column":85},"end":{"line":43,"column":null}},"loc":{"start":{"line":43,"column":85},"end":{"line":51,"column":2}}},"12":{"name":"(anonymous_30)","decl":{"start":{"line":53,"column":28},"end":{"line":53,"column":29}},"loc":{"start":{"line":53,"column":43},"end":{"line":53,"column":55}}},"13":{"name":"(anonymous_31)","decl":{"start":{"line":53,"column":48},"end":{"line":53,"column":55}},"loc":{"start":{"line":53,"column":103},"end":{"line":62,"column":2}}},"14":{"name":"(anonymous_32)","decl":{"start":{"line":53,"column":103},"end":{"line":53,"column":null}},"loc":{"start":{"line":53,"column":103},"end":{"line":62,"column":2}}}},"branchMap":{"0":{"loc":{"start":{"line":19,"column":4},"end":{"line":28,"column":null}},"type":"if","locations":[{"start":{"line":19,"column":4},"end":{"line":28,"column":null}},{"start":{"line":19,"column":4},"end":{"line":28,"column":null}}]},"1":{"loc":{"start":{"line":32,"column":31},"end":{"line":32,"column":50}},"type":"if","locations":[{"start":{"line":32,"column":31},"end":{"line":32,"column":50}},{"start":{"line":32,"column":31},"end":{"line":32,"column":50}}]},"2":{"loc":{"start":{"line":37,"column":6},"end":{"line":37,"column":10}},"type":"if","locations":[{"start":{"line":37,"column":6},"end":{"line":37,"column":10}},{"start":{"line":37,"column":6},"end":{"line":37,"column":10}}]},"3":{"loc":{"start":{"line":50,"column":2},"end":{"line":50,"column":16}},"type":"switch","locations":[{"start":{"line":50,"column":2},"end":{"line":50,"column":16}}]},"4":{"loc":{"start":{"line":47,"column":21},"end":{"line":47,"column":null}},"type":"if","locations":[{"start":{"line":47,"column":21},"end":{"line":47,"column":null}},{"start":{"line":47,"column":21},"end":{"line":47,"column":null}}]},"5":{"loc":{"start":{"line":53,"column":29},"end":{"line":53,"column":48}},"type":"if","locations":[{"start":{"line":53,"column":29},"end":{"line":53,"column":48}},{"start":{"line":53,"column":29},"end":{"line":53,"column":48}}]},"6":{"loc":{"start":{"line":61,"column":2},"end":{"line":61,"column":16}},"type":"switch","locations":[{"start":{"line":61,"column":2},"end":{"line":61,"column":16}}]},"7":{"loc":{"start":{"line":57,"column":21},"end":{"line":57,"column":null}},"type":"if","locations":[{"start":{"line":57,"column":21},"end":{"line":57,"column":null}},{"start":{"line":57,"column":21},"end":{"line":57,"column":null}}]},"8":{"loc":{"start":{"line":59,"column":8},"end":{"line":59,"column":12}},"type":"if","locations":[{"start":{"line":59,"column":8},"end":{"line":59,"column":12}},{"start":{"line":59,"column":8},"end":{"line":59,"column":12}}]}},"s":{"0":0,"1":0,"2":0,"3":0,"4":0,"5":0,"6":0,"7":0,"8":0,"9":0,"10":0,"11":0,"12":0,"13":0,"14":0,"15":0,"16":0,"17":0,"18":0,"19":0,"20":0,"21":0,"22":0,"23":0,"24":0,"25":0,"26":0,"27":0,"28":0,"29":0,"30":0,"31":0,"32":0,"33":0,"34":0,"35":0,"36":0,"37":0,"38":0,"39":0,"40":0,"41":0,"42":0,"43":0,"44":0,"45":0,"46":0,"47":0,"48":0,"49":0,"50":0,"51":0,"52":0,"53":0,"54":0,"55":0,"56":0,"57":0,"58":0},"f":{"0":0,"1":0,"2":0,"3":0,"4":0,"5":0,"6":0,"7":0,"8":0,"9":0,"10":0,"11":0,"12":0,"13":0,"14":0},"b":{"0":[0,0],"1":[0,0],"2":[0,0],"3":[0],"4":[0,0],"5":[0,0],"6":[0],"7":[0,0],"8":[0,0]}}
,"/home/lenovo/Documents/PERSONAL/file-api-service/src/router/index.ts": {"path":"/home/lenovo/Documents/PERSONAL/file-api-service/src/router/index.ts","statementMap":{"0":{"start":{"line":1,"column":0},"end":{"line":1,"column":67}},"1":{"start":{"line":2,"column":0},"end":{"line":2,"column":48}},"2":{"start":{"line":3,"column":0},"end":{"line":3,"column":48}},"3":{"start":{"line":5,"column":15},"end":{"line":5,"column":31}},"4":{"start":{"line":7,"column":0},"end":{"line":7,"column":null}},"5":{"start":{"line":8,"column":16},"end":{"line":22,"column":null}},"6":{"start":{"line":10,"column":4},"end":{"line":10,"column":36}},"7":{"start":{"line":12,"column":4},"end":{"line":12,"column":36}},"8":{"start":{"line":14,"column":4},"end":{"line":16,"column":7}},"9":{"start":{"line":15,"column":6},"end":{"line":15,"column":119}},"10":{"start":{"line":17,"column":4},"end":{"line":20,"column":7}},"11":{"start":{"line":18,"column":6},"end":{"line":19,"column":70}},"12":{"start":{"line":21,"column":4},"end":{"line":21,"column":18}},"13":{"start":{"line":23,"column":0},"end":{"line":23,"column":null}},"14":{"start":{"line":25,"column":9},"end":{"line":25,"column":18}}},"fnMap":{"0":{"name":"(anonymous_1)","decl":{"start":{"line":7,"column":0},"end":{"line":7,"column":null}},"loc":{"start":{"line":7,"column":0},"end":{"line":23,"column":null}}},"1":{"name":"(anonymous_3)","decl":{"start":{"line":8,"column":2},"end":{"line":8,"column":16}},"loc":{"start":{"line":8,"column":2},"end":{"line":22,"column":3}}},"2":{"name":"(anonymous_4)","decl":{"start":{"line":14,"column":20},"end":{"line":14,"column":21}},"loc":{"start":{"line":14,"column":73},"end":{"line":16,"column":5}}},"3":{"name":"(anonymous_5)","decl":{"start":{"line":17,"column":20},"end":{"line":17,"column":21}},"loc":{"start":{"line":17,"column":73},"end":{"line":20,"column":5}}}},"branchMap":{},"s":{"0":0,"1":0,"2":0,"3":0,"4":0,"5":0,"6":0,"7":0,"8":0,"9":0,"10":0,"11":0,"12":0,"13":0,"14":0},"f":{"0":0,"1":0,"2":0,"3":0},"b":{}}
,"/home/lenovo/Documents/PERSONAL/file-api-service/src/router/streams.routes.ts": {"path":"/home/lenovo/Documents/PERSONAL/file-api-service/src/router/streams.routes.ts","statementMap":{"0":{"start":{"line":1,"column":0},"end":{"line":1,"column":67}},"1":{"start":{"line":4,"column":0},"end":{"line":4,"column":null}},"2":{"start":{"line":5,"column":16},"end":{"line":28,"column":null}},"3":{"start":{"line":7,"column":4},"end":{"line":10,"column":40}},"4":{"start":{"line":8,"column":6},"end":{"line":8,"column":32}},"5":{"start":{"line":9,"column":6},"end":{"line":9,"column":13}},"6":{"start":{"line":12,"column":4},"end":{"line":15,"column":40}},"7":{"start":{"line":13,"column":6},"end":{"line":13,"column":33}},"8":{"start":{"line":14,"column":6},"end":{"line":14,"column":13}},"9":{"start":{"line":17,"column":4},"end":{"line":20,"column":43}},"10":{"start":{"line":18,"column":6},"end":{"line":18,"column":34}},"11":{"start":{"line":19,"column":6},"end":{"line":19,"column":13}},"12":{"start":{"line":22,"column":4},"end":{"line":25,"column":43}},"13":{"start":{"line":23,"column":6},"end":{"line":23,"column":32}},"14":{"start":{"line":24,"column":6},"end":{"line":24,"column":13}},"15":{"start":{"line":27,"column":4},"end":{"line":27,"column":18}},"16":{"start":{"line":29,"column":0},"end":{"line":29,"column":null}},"17":{"start":{"line":31,"column":9},"end":{"line":31,"column":21}}},"fnMap":{"0":{"name":"(anonymous_0)","decl":{"start":{"line":4,"column":0},"end":{"line":4,"column":null}},"loc":{"start":{"line":4,"column":0},"end":{"line":29,"column":null}}},"1":{"name":"(anonymous_2)","decl":{"start":{"line":5,"column":2},"end":{"line":5,"column":16}},"loc":{"start":{"line":5,"column":41},"end":{"line":28,"column":3}}},"2":{"name":"(anonymous_3)","decl":{"start":{"line":7,"column":30},"end":{"line":7,"column":31}},"loc":{"start":{"line":7,"column":79},"end":{"line":10,"column":5}}},"3":{"name":"(anonymous_4)","decl":{"start":{"line":12,"column":31},"end":{"line":12,"column":32}},"loc":{"start":{"line":12,"column":80},"end":{"line":15,"column":5}}},"4":{"name":"(anonymous_5)","decl":{"start":{"line":17,"column":34},"end":{"line":17,"column":35}},"loc":{"start":{"line":17,"column":83},"end":{"line":20,"column":5}}},"5":{"name":"(anonymous_6)","decl":{"start":{"line":22,"column":30},"end":{"line":22,"column":31}},"loc":{"start":{"line":22,"column":79},"end":{"line":25,"column":5}}}},"branchMap":{},"s":{"0":0,"1":0,"2":0,"3":0,"4":0,"5":0,"6":0,"7":0,"8":0,"9":0,"10":0,"11":0,"12":0,"13":0,"14":0,"15":0,"16":0,"17":0},"f":{"0":0,"1":0,"2":0,"3":0,"4":0,"5":0},"b":{}}
,"/home/lenovo/Documents/PERSONAL/file-api-service/src/router/uploads.routes.ts": {"path":"/home/lenovo/Documents/PERSONAL/file-api-service/src/router/uploads.routes.ts","statementMap":{"0":{"start":{"line":1,"column":0},"end":{"line":1,"column":67}},"1":{"start":{"line":3,"column":0},"end":{"line":3,"column":77}},"2":{"start":{"line":4,"column":0},"end":{"line":4,"column":73}},"3":{"start":{"line":6,"column":0},"end":{"line":6,"column":null}},"4":{"start":{"line":7,"column":16},"end":{"line":22,"column":null}},"5":{"start":{"line":9,"column":4},"end":{"line":9,"column":116}},"6":{"start":{"line":11,"column":4},"end":{"line":11,"column":115}},"7":{"start":{"line":13,"column":4},"end":{"line":13,"column":116}},"8":{"start":{"line":15,"column":4},"end":{"line":15,"column":115}},"9":{"start":{"line":21,"column":4},"end":{"line":21,"column":18}},"10":{"start":{"line":23,"column":0},"end":{"line":23,"column":null}},"11":{"start":{"line":25,"column":9},"end":{"line":25,"column":21}}},"fnMap":{"0":{"name":"(anonymous_0)","decl":{"start":{"line":6,"column":0},"end":{"line":6,"column":null}},"loc":{"start":{"line":6,"column":0},"end":{"line":23,"column":null}}},"1":{"name":"(anonymous_2)","decl":{"start":{"line":7,"column":2},"end":{"line":7,"column":16}},"loc":{"start":{"line":7,"column":41},"end":{"line":22,"column":3}}}},"branchMap":{},"s":{"0":0,"1":0,"2":0,"3":0,"4":0,"5":0,"6":0,"7":0,"8":0,"9":0,"10":0,"11":0},"f":{"0":0,"1":0},"b":{}}
,"/home/lenovo/Documents/PERSONAL/file-api-service/src/utils/imgUtils.ts": {"path":"/home/lenovo/Documents/PERSONAL/file-api-service/src/utils/imgUtils.ts","statementMap":{"0":{"start":{"line":1,"column":0},"end":{"line":1,"column":38}},"1":{"start":{"line":3,"column":16},"end":{"line":16,"column":1}},"2":{"start":{"line":4,"column":2},"end":{"line":15,"column":5}},"3":{"start":{"line":5,"column":4},"end":{"line":14,"column":7}},"4":{"start":{"line":6,"column":6},"end":{"line":6,"column":23}},"5":{"start":{"line":7,"column":6},"end":{"line":12,"column":null}},"6":{"start":{"line":8,"column":26},"end":{"line":8,"column":28}},"7":{"start":{"line":9,"column":8},"end":{"line":9,"column":47}},"8":{"start":{"line":10,"column":8},"end":{"line":10,"column":49}},"9":{"start":{"line":11,"column":8},"end":{"line":11,"column":29}},"10":{"start":{"line":13,"column":6},"end":{"line":13,"column":20}},"11":{"start":{"line":18,"column":13},"end":{"line":40,"column":2}},"12":{"start":{"line":18,"column":61},"end":{"line":40,"column":2}},"13":{"start":{"line":19,"column":20},"end":{"line":19,"column":null}},"14":{"start":{"line":19,"column":8},"end":{"line":19,"column":null}},"15":{"start":{"line":20,"column":2},"end":{"line":20,"column":41}},"16":{"start":{"line":21,"column":2},"end":{"line":21,"column":28}},"17":{"start":{"line":21,"column":13},"end":{"line":21,"column":28}},"18":{"start":{"line":22,"column":2},"end":{"line":30,"column":null}},"19":{"start":{"line":23,"column":4},"end":{"line":23,"column":85}},"20":{"start":{"line":23,"column":70},"end":{"line":23,"column":85}},"21":{"start":{"line":24,"column":10},"end":{"line":24,"column":68}},"22":{"start":{"line":25,"column":10},"end":{"line":25,"column":75}},"23":{"start":{"line":26,"column":10},"end":{"line":26,"column":58}},"24":{"start":{"line":27,"column":10},"end":{"line":27,"column":59}},"25":{"start":{"line":28,"column":4},"end":{"line":28,"column":45}},"26":{"start":{"line":29,"column":4},"end":{"line":29,"column":53}},"27":{"start":{"line":31,"column":2},"end":{"line":34,"column":null}},"28":{"start":{"line":32,"column":4},"end":{"line":32,"column":52}},"29":{"start":{"line":32,"column":37},"end":{"line":32,"column":52}},"30":{"start":{"line":33,"column":4},"end":{"line":33,"column":45}},"31":{"start":{"line":35,"column":2},"end":{"line":38,"column":null}},"32":{"start":{"line":36,"column":4},"end":{"line":36,"column":54}},"33":{"start":{"line":36,"column":39},"end":{"line":36,"column":54}},"34":{"start":{"line":37,"column":4},"end":{"line":37,"column":47}},"35":{"start":{"line":39,"column":2},"end":{"line":39,"column":17}}},"fnMap":{"0":{"name":"(anonymous_16)","decl":{"start":{"line":3,"column":16},"end":{"line":3,"column":17}},"loc":{"start":{"line":3,"column":32},"end":{"line":16,"column":1}}},"1":{"name":"(anonymous_17)","decl":{"start":{"line":4,"column":21},"end":{"line":4,"column":22}},"loc":{"start":{"line":4,"column":29},"end":{"line":15,"column":3}}},"2":{"name":"(anonymous_18)","decl":{"start":{"line":5,"column":36},"end":{"line":5,"column":37}},"loc":{"start":{"line":5,"column":60},"end":{"line":14,"column":5}}},"3":{"name":"(anonymous_19)","decl":{"start":{"line":18,"column":24},"end":{"line":18,"column":31}},"loc":{"start":{"line":18,"column":61},"end":{"line":40,"column":2}}},"4":{"name":"(anonymous_20)","decl":{"start":{"line":18,"column":61},"end":{"line":18,"column":null}},"loc":{"start":{"line":18,"column":61},"end":{"line":40,"column":2}}}},"branchMap":{"0":{"loc":{"start":{"line":7,"column":6},"end":{"line":12,"column":null}},"type":"if","locations":[{"start":{"line":7,"column":6},"end":{"line":12,"column":null}},{"start":{"line":7,"column":6},"end":{"line":12,"column":null}}]},"1":{"loc":{"start":{"line":19,"column":20},"end":{"line":19,"column":null}},"type":"switch","locations":[{"start":{"line":19,"column":20},"end":{"line":19,"column":null}}]},"2":{"loc":{"start":{"line":21,"column":2},"end":{"line":21,"column":28}},"type":"if","locations":[{"start":{"line":21,"column":2},"end":{"line":21,"column":28}},{"start":{"line":21,"column":2},"end":{"line":21,"column":28}}]},"3":{"loc":{"start":{"line":22,"column":2},"end":{"line":30,"column":null}},"type":"if","locations":[{"start":{"line":22,"column":2},"end":{"line":30,"column":null}},{"start":{"line":22,"column":2},"end":{"line":30,"column":null}}]},"4":{"loc":{"start":{"line":22,"column":6},"end":{"line":22,"column":19}},"type":"binary-expr","locations":[{"start":{"line":22,"column":6},"end":{"line":22,"column":19}},{"start":{"line":22,"column":23},"end":{"line":22,"column":37}}]},"5":{"loc":{"start":{"line":23,"column":4},"end":{"line":23,"column":85}},"type":"if","locations":[{"start":{"line":23,"column":4},"end":{"line":23,"column":85}},{"start":{"line":23,"column":4},"end":{"line":23,"column":85}}]},"6":{"loc":{"start":{"line":23,"column":8},"end":{"line":23,"column":35}},"type":"binary-expr","locations":[{"start":{"line":23,"column":8},"end":{"line":23,"column":35}},{"start":{"line":23,"column":39},"end":{"line":23,"column":68}}]},"7":{"loc":{"start":{"line":24,"column":43},"end":{"line":24,"column":54}},"type":"cond-expr","locations":[{"start":{"line":24,"column":43},"end":{"line":24,"column":54}},{"start":{"line":24,"column":57},"end":{"line":24,"column":67}}]},"8":{"loc":{"start":{"line":25,"column":44},"end":{"line":25,"column":58}},"type":"cond-expr","locations":[{"start":{"line":25,"column":44},"end":{"line":25,"column":58}},{"start":{"line":25,"column":61},"end":{"line":25,"column":74}}]},"9":{"loc":{"start":{"line":31,"column":2},"end":{"line":34,"column":null}},"type":"if","locations":[{"start":{"line":31,"column":2},"end":{"line":34,"column":null}},{"start":{"line":31,"column":2},"end":{"line":34,"column":null}}]},"10":{"loc":{"start":{"line":32,"column":4},"end":{"line":32,"column":52}},"type":"if","locations":[{"start":{"line":32,"column":4},"end":{"line":32,"column":52}},{"start":{"line":32,"column":4},"end":{"line":32,"column":52}}]},"11":{"loc":{"start":{"line":35,"column":2},"end":{"line":38,"column":null}},"type":"if","locations":[{"start":{"line":35,"column":2},"end":{"line":38,"column":null}},{"start":{"line":35,"column":2},"end":{"line":38,"column":null}}]},"12":{"loc":{"start":{"line":36,"column":4},"end":{"line":36,"column":54}},"type":"if","locations":[{"start":{"line":36,"column":4},"end":{"line":36,"column":54}},{"start":{"line":36,"column":4},"end":{"line":36,"column":54}}]}},"s":{"0":0,"1":0,"2":0,"3":0,"4":0,"5":0,"6":0,"7":0,"8":0,"9":0,"10":0,"11":0,"12":0,"13":0,"14":0,"15":0,"16":0,"17":0,"18":0,"19":0,"20":0,"21":0,"22":0,"23":0,"24":0,"25":0,"26":0,"27":0,"28":0,"29":0,"30":0,"31":0,"32":0,"33":0,"34":0,"35":0},"f":{"0":0,"1":0,"2":0,"3":0,"4":0},"b":{"0":[0,0],"1":[0],"2":[0,0],"3":[0,0],"4":[0,0],"5":[0,0],"6":[0,0],"7":[0,0],"8":[0,0],"9":[0,0],"10":[0,0],"11":[0,0],"12":[0,0]}}
}
